{"name": "shop items -- @1.1 credentials", "status": "failed", "statusDetails": {"message": "AssertionError\n", "trace": "  File \"C:\\Users\\abhosage\\PycharmProjects\\Testing\\BDD_testing\\.venv\\Lib\\site-packages\\behave\\model.py\", line 1329, in run\n    match.run(runner.context)\n  File \"C:\\Users\\abhosage\\PycharmProjects\\Testing\\BDD_testing\\.venv\\Lib\\site-packages\\behave\\matchers.py\", line 98, in run\n    self.func(context, *args, **kwargs)\n  File \"features\\steps\\shop_Items.py\", line 37, in step_item_select\n    assert status is True\n           ^^^^^^^^^^^^^^\n"}, "steps": [{"name": "Given page url is given \"https://rahulshettyacademy.com/angularpractice/\"", "status": "passed", "steps": [{"name": "Log INFO https://rahulshettyacademy.com/angularpractice/ page opened", "status": "passed", "start": 1728457962333, "stop": 1728457962333}, {"name": "Log INFO https://rahulshettyacademy.com/angularpractice/ page opened", "status": "passed", "start": 1728457962333, "stop": 1728457962333}], "start": 1728457961242, "stop": 1728457962333}, {"name": "When Item want to purchase", "status": "failed", "statusDetails": {"message": "AssertionError\n", "trace": "  File \"C:\\Users\\abhosage\\PycharmProjects\\Testing\\BDD_testing\\.venv\\Lib\\site-packages\\behave\\model.py\", line 1329, in run\n    match.run(runner.context)\n  File \"C:\\Users\\abhosage\\PycharmProjects\\Testing\\BDD_testing\\.venv\\Lib\\site-packages\\behave\\matchers.py\", line 98, in run\n    self.func(context, *args, **kwargs)\n  File \"features\\steps\\shop_Items.py\", line 37, in step_item_select\n    assert status is True\n           ^^^^^^^^^^^^^^\n"}, "steps": [{"name": "Log ERROR Exception occured presence_of_all_elements_located() takes 1 positional argument but 2 were given", "status": "passed", "attachments": [{"name": "screenshot", "source": "1c66caf0-eba6-4e6a-a0da-86b082223587-attachment.png", "type": "image/png"}], "start": 1728457968420, "stop": 1728457968460}, {"name": "Log ERROR Exception occured presence_of_all_elements_located() takes 1 positional argument but 2 were given", "status": "passed", "attachments": [{"name": "screenshot", "source": "6e480f57-c326-479a-a6ad-f880fb160b3d-attachment.png", "type": "image/png"}], "start": 1728457968460, "stop": 1728457968502}], "start": 1728457962333, "stop": 1728457968505}, {"name": "Then sucess message appears for second", "status": "skipped", "start": 1728457969591, "stop": 1728457969591}], "parameters": [{"name": "url", "value": "https://rahulshettyacademy.com/angularpractice/"}], "start": 1728457956335, "stop": 1728457969591, "uuid": "c9fda2bd-0155-44b1-b31a-47201e446a64", "historyId": "7207a6127fa6c1d067eb045d901f8c8c", "fullName": "form fill: shop items", "labels": [{"name": "severity", "value": "normal"}, {"name": "feature", "value": "form fill"}, {"name": "framework", "value": "behave"}, {"name": "language", "value": "cpython3"}]}